2022-11-30T03:28:01+00:00 CRITICAL syntax error, unexpected 'endforeach' (T_ENDFOREACH), expecting end of file in /home/power/domains/power.dtts.com.vn/public_html/wp-content/themes/power/templates/tuyen-dung.php on line 46

2022-11-30T03:28:22+00:00 CRITICAL syntax error, unexpected 'endforeach' (T_ENDFOREACH), expecting end of file in /home/power/domains/power.dtts.com.vn/public_html/wp-content/themes/power/templates/tuyen-dung.php on line 46

2022-11-30T03:29:00+00:00 CRITICAL syntax error, unexpected 'endforeach' (T_ENDFOREACH), expecting end of file in /home/power/domains/power.dtts.com.vn/public_html/wp-content/themes/power/templates/tuyen-dung.php on line 46

2022-11-30T03:29:13+00:00 CRITICAL syntax error, unexpected 'endforeach' (T_ENDFOREACH), expecting end of file in /home/power/domains/power.dtts.com.vn/public_html/wp-content/themes/power/templates/tuyen-dung.php on line 46

2022-11-30T03:39:54+00:00 CRITICAL syntax error, unexpected 'endforeach' (T_ENDFOREACH), expecting end of file in /home/power/domains/power.dtts.com.vn/public_html/wp-content/themes/power/templates/tuyen-dung.php on line 49

2022-11-30T03:43:27+00:00 CRITICAL syntax error, unexpected 'endforeach' (T_ENDFOREACH), expecting end of file in /home/power/domains/power.dtts.com.vn/public_html/wp-content/themes/power/templates/tuyen-dung.php on line 52

2022-11-30T03:43:40+00:00 CRITICAL syntax error, unexpected 'endforeach' (T_ENDFOREACH), expecting end of file in /home/power/domains/power.dtts.com.vn/public_html/wp-content/themes/power/templates/tuyen-dung.php on line 51

2022-11-30T03:43:50+00:00 CRITICAL syntax error, unexpected 'endforeach' (T_ENDFOREACH), expecting end of file in /home/power/domains/power.dtts.com.vn/public_html/wp-content/themes/power/templates/tuyen-dung.php on line 50

2022-11-30T03:44:31+00:00 CRITICAL syntax error, unexpected 'endforeach' (T_ENDFOREACH), expecting end of file in /home/power/domains/power.dtts.com.vn/public_html/wp-content/themes/power/templates/tuyen-dung.php on line 50

2022-11-30T03:44:38+00:00 CRITICAL syntax error, unexpected 'endforeach' (T_ENDFOREACH), expecting end of file in /home/power/domains/power.dtts.com.vn/public_html/wp-content/themes/power/templates/tuyen-dung.php on line 50

2022-11-30T03:48:37+00:00 CRITICAL syntax error, unexpected 'endforeach' (T_ENDFOREACH), expecting end of file in /home/power/domains/power.dtts.com.vn/public_html/wp-content/themes/power/templates/tuyen-dung.php on line 52

2022-11-30T04:31:36+00:00 CRITICAL syntax error, unexpected 'if' (T_IF) in /home/power/domains/power.dtts.com.vn/public_html/wp-content/themes/power/functions.php on line 88

2022-11-30T04:31:38+00:00 CRITICAL syntax error, unexpected 'if' (T_IF) in /home/power/domains/power.dtts.com.vn/public_html/wp-content/themes/power/functions.php on line 88

2022-11-30T04:32:21+00:00 CRITICAL syntax error, unexpected 'if' (T_IF) in /home/power/domains/power.dtts.com.vn/public_html/wp-content/themes/power/functions.php on line 83

2022-11-30T04:32:25+00:00 CRITICAL syntax error, unexpected 'if' (T_IF) in /home/power/domains/power.dtts.com.vn/public_html/wp-content/themes/power/functions.php on line 83

2022-11-30T04:32:27+00:00 CRITICAL syntax error, unexpected 'if' (T_IF) in /home/power/domains/power.dtts.com.vn/public_html/wp-content/themes/power/functions.php on line 83

2022-11-30T04:32:34+00:00 CRITICAL syntax error, unexpected 'if' (T_IF) in /home/power/domains/power.dtts.com.vn/public_html/wp-content/themes/power/functions.php on line 83

2022-11-30T06:54:17+00:00 CRITICAL syntax error, unexpected 'margin' (T_STRING), expecting ';' or ',' in /home/power/domains/power.dtts.com.vn/public_html/wp-content/themes/power/templates/tuyen-dung.php on line 15

2022-11-30T08:51:59+00:00 CRITICAL syntax error, unexpected '<', expecting end of file in /home/power/domains/power.dtts.com.vn/public_html/wp-content/themes/power/templates/tuyen-dung.php on line 45

2022-11-30T08:52:41+00:00 CRITICAL syntax error, unexpected '<', expecting end of file in /home/power/domains/power.dtts.com.vn/public_html/wp-content/themes/power/templates/tuyen-dung.php on line 33

2022-11-30T08:53:09+00:00 CRITICAL syntax error, unexpected '<', expecting end of file in /home/power/domains/power.dtts.com.vn/public_html/wp-content/themes/power/templates/tuyen-dung.php on line 35

2022-11-30T09:56:40+00:00 CRITICAL syntax error, unexpected 'print_r' (T_STRING), expecting ';' or ',' in /home/power/domains/power.dtts.com.vn/public_html/wp-content/themes/power/templates/tuyen-dung.php on line 23

2022-11-30T09:56:57+00:00 CRITICAL syntax error, unexpected 'print_r' (T_STRING), expecting ';' or ',' in /home/power/domains/power.dtts.com.vn/public_html/wp-content/themes/power/templates/tuyen-dung.php on line 23

2022-11-30T09:57:14+00:00 CRITICAL syntax error, unexpected 'print_r' (T_STRING), expecting ';' or ',' in /home/power/domains/power.dtts.com.vn/public_html/wp-content/themes/power/templates/tuyen-dung.php on line 23

2022-11-30T09:57:25+00:00 CRITICAL syntax error, unexpected 'endforeach' (T_ENDFOREACH), expecting end of file in /home/power/domains/power.dtts.com.vn/public_html/wp-content/themes/power/templates/tuyen-dung.php on line 111

2022-11-30T10:01:23+00:00 CRITICAL syntax error, unexpected 'endforeach' (T_ENDFOREACH), expecting end of file in /home/power/domains/power.dtts.com.vn/public_html/wp-content/themes/power/templates/tuyen-dung.php on line 111

2022-11-30T12:46:43+00:00 CRITICAL syntax error, unexpected ' ' (T_STRING), expecting ')' in /home/power/domains/power.dtts.com.vn/public_html/wp-content/themes/power/functions.php on line 772

2022-11-30T12:47:29+00:00 CRITICAL syntax error, unexpected ' ' (T_STRING), expecting ')' in /home/power/domains/power.dtts.com.vn/public_html/wp-content/themes/power/functions.php on line 772

2022-11-30T15:54:25+00:00 CRITICAL syntax error, unexpected '?' in /home/power/domains/power.dtts.com.vn/public_html/wp-content/themes/power/templates/tuyen-dung.php on line 53

2022-11-30T15:54:55+00:00 CRITICAL syntax error, unexpected '?' in /home/power/domains/power.dtts.com.vn/public_html/wp-content/themes/power/templates/tuyen-dung.php on line 53

2022-11-30T15:55:21+00:00 CRITICAL syntax error, unexpected ')' in /home/power/domains/power.dtts.com.vn/public_html/wp-content/themes/power/templates/tuyen-dung.php on line 53

2022-11-30T15:55:52+00:00 CRITICAL syntax error, unexpected ')' in /home/power/domains/power.dtts.com.vn/public_html/wp-content/themes/power/templates/tuyen-dung.php on line 53

2022-11-30T15:59:55+00:00 CRITICAL syntax error, unexpected 'echo' (T_ECHO) in /home/power/domains/power.dtts.com.vn/public_html/wp-content/themes/power/templates/tuyen-dung.php on line 53

2022-11-30T16:02:45+00:00 CRITICAL syntax error, unexpected '?' in /home/power/domains/power.dtts.com.vn/public_html/wp-content/themes/power/templates/tuyen-dung.php on line 44

2022-11-30T16:03:28+00:00 CRITICAL syntax error, unexpected '>' in /home/power/domains/power.dtts.com.vn/public_html/wp-content/themes/power/templates/tuyen-dung.php on line 44

